front-end/GuGu_Client/app/build/intermediates/manifest_merge_blame_file/debug/manifest-merger-blame-debug-report.txt
1<?xml version="1.0" encoding="utf-8"?>
2<manifest xmlns:android="http://schemas.android.com/apk/res/android"
3    package="com.example.gugu_client"
4    android:versionCode="1"
5    android:versionName="1.0" >
6
7    <uses-sdk
8        android:minSdkVersion="15"
8-->src\main\AndroidManifest.xml
9        android:targetSdkVersion="29" />
9-->src\main\AndroidManifest.xml
10
11    <uses-permission android:name="android.permission.ACCESS_NETWORK_STATE" />
11-->src\main\AndroidManifest.xml:5:5-78
11-->src\main\AndroidManifest.xml:5:22-76
12    <uses-permission android:name="android.permission.INTERNET" />
12-->src\main\AndroidManifest.xml:6:5-66
12-->src\main\AndroidManifest.xml:6:22-64
13
14    <application
14-->src\main\AndroidManifest.xml:7:5-26:19
15        android:allowBackup="true"
15-->src\main\AndroidManifest.xml:8:9-35
16        android:appComponentFactory="androidx.core.app.CoreComponentFactory"
16-->[androidx.core:core:1.1.0] AndroidManifest.xml:24:18-86
17        android:debuggable="true"
18        android:icon="@mipmap/ic_launcher"
18-->src\main\AndroidManifest.xml:9:9-43
19        android:label="@string/app_name"
19-->src\main\AndroidManifest.xml:10:9-41
20        android:roundIcon="@mipmap/ic_launcher_round"
20-->src\main\AndroidManifest.xml:11:9-54
21        android:supportsRtl="true"
21-->src\main\AndroidManifest.xml:12:9-35
22        android:testOnly="true"
23        android:theme="@style/AppTheme" >
23-->src\main\AndroidManifest.xml:13:9-40
24        <activity android:name="Activity.AtyWelcome" >
24-->src\main\AndroidManifest.xml:14:9-19:20
24-->src\main\AndroidManifest.xml:14:19-53
25            <intent-filter>
25-->src\main\AndroidManifest.xml:15:13-18:29
26                <action android:name="android.intent.action.MAIN" />
26-->src\main\AndroidManifest.xml:16:17-69
26-->src\main\AndroidManifest.xml:16:25-66
27
28                <category android:name="android.intent.category.LAUNCHER" />
28-->src\main\AndroidManifest.xml:17:17-77
28-->src\main\AndroidManifest.xml:17:27-74
29            </intent-filter>
30        </activity>
31        <activity android:name="Activity.AtyChatRoom" />
31-->src\main\AndroidManifest.xml:20:9-57
31-->src\main\AndroidManifest.xml:20:19-54
32        <activity android:name="Activity.AtyDressUp" />
32-->src\main\AndroidManifest.xml:21:9-55
32-->src\main\AndroidManifest.xml:21:19-53
33        <activity android:name="Activity.AtyLoginOrRegister" />
33-->src\main\AndroidManifest.xml:22:9-64
33-->src\main\AndroidManifest.xml:22:19-61
34        <activity android:name="Activity.AtyMain" />
34-->src\main\AndroidManifest.xml:23:9-53
34-->src\main\AndroidManifest.xml:23:19-50
35        <activity android:name="Activity.AtyProfile" />
35-->src\main\AndroidManifest.xml:24:9-56
35-->src\main\AndroidManifest.xml:24:19-53
36        <activity android:name="Activity.AtySetting" />
36-->src\main\AndroidManifest.xml:25:9-56
36-->src\main\AndroidManifest.xml:25:19-53
37    </application>
38
39</manifest>